<?xml version="1.0" encoding="UTF-8"?>
<!-- Generated by org.testng.reporters.JUnitReportReporter -->
<testsuite hostname="LAPTOP-F5D2435S" failures="0" tests="1" name="CheckBoxes" time="6.198" errors="0" timestamp="23 Mar 2023 04:56:21 GMT">
  <testcase classname="CheckBoxes" name="handleCheckBoxes" time="6.198"/>
</testsuite> <!-- CheckBoxes -->
